[Fri Feb 24 17:18:14 MST 2023] - INFO passoff.ServerTest: 	Setting up Fill 2 Valid Test...
[Fri Feb 24 17:18:14 MST 2023] - INFO client.Proxy: 	Clear called
[Fri Feb 24 17:18:14 MST 2023] - INFO client.Client: 	Post without Request Body called
[Fri Feb 24 17:18:14 MST 2023] - INFO client.Client: 	Attempting to open connection to server
[Fri Feb 24 17:18:14 MST 2023] - INFO client.Client: 	Connection opened to server
[Fri Feb 24 17:18:14 MST 2023] - INFO client.Client: 	Setting passoffrequest method to POST
[Fri Feb 24 17:18:14 MST 2023] - INFO client.Client: 	Request method set to POST
[Fri Feb 24 17:18:14 MST 2023] - INFO client.Client: 	Setting Do Output to true
[Fri Feb 24 17:18:14 MST 2023] - INFO client.Client: 	Do Output set to true
[Fri Feb 24 17:18:14 MST 2023] - INFO client.Client: 	Connecting to server
[Fri Feb 24 17:18:14 MST 2023] - INFO client.Client: 	Connected to server
[Fri Feb 24 17:18:14 MST 2023] - INFO client.Client: 	Getting response code from server
[Fri Feb 24 17:18:14 MST 2023] - INFO client.Client: 	Response code 200 returned
[Fri Feb 24 17:18:14 MST 2023] - INFO client.Client: 	Getting input stream from server
[Fri Feb 24 17:18:14 MST 2023] - INFO client.Client: 	Reading input stream into a string
[Fri Feb 24 17:18:16 MST 2023] - INFO passoff.ServerTest: 	Running Fill 2 Valid Test...
[Fri Feb 24 17:18:21 MST 2023] - INFO client.Proxy: 	Register called
[Fri Feb 24 17:18:21 MST 2023] - INFO client.Client: 	Post with Request Body called
[Fri Feb 24 17:18:21 MST 2023] - INFO client.Client: 	Attempting to open connection to server
[Fri Feb 24 17:18:21 MST 2023] - INFO client.Client: 	Connection opened to server
[Fri Feb 24 17:18:21 MST 2023] - INFO client.Client: 	Setting passoffrequest method to POST
[Fri Feb 24 17:18:21 MST 2023] - INFO client.Client: 	Request method set to POST
[Fri Feb 24 17:18:21 MST 2023] - INFO client.Client: 	Setting Do Output to true
[Fri Feb 24 17:18:21 MST 2023] - INFO client.Client: 	Do Output set to true
[Fri Feb 24 17:18:21 MST 2023] - INFO client.Client: 	Connecting to server
[Fri Feb 24 17:18:21 MST 2023] - INFO client.Client: 	Connected to server
[Fri Feb 24 17:18:21 MST 2023] - INFO client.Client: 	Opening output stream to server
[Fri Feb 24 17:18:21 MST 2023] - INFO client.Client: 	Writing passoffrequest to server output stream
[Fri Feb 24 17:18:21 MST 2023] - INFO client.Client: 	Request written to server output stream
[Fri Feb 24 17:18:21 MST 2023] - INFO client.Client: 	Closing output stream to server
[Fri Feb 24 17:18:21 MST 2023] - INFO client.Client: 	Output stream to server closed
[Fri Feb 24 17:18:21 MST 2023] - INFO client.Client: 	Getting response code from server
[Fri Feb 24 17:18:21 MST 2023] - INFO client.Client: 	Response code 200 returned
[Fri Feb 24 17:18:21 MST 2023] - INFO client.Client: 	Getting input stream from server
[Fri Feb 24 17:18:21 MST 2023] - INFO client.Client: 	Reading input stream into a string
[Fri Feb 24 17:18:26 MST 2023] - INFO client.Proxy: 	Fill called
[Fri Feb 24 17:18:26 MST 2023] - INFO client.Client: 	Post without Request Body called
[Fri Feb 24 17:18:26 MST 2023] - INFO client.Client: 	Attempting to open connection to server
[Fri Feb 24 17:18:26 MST 2023] - INFO client.Client: 	Connection opened to server
[Fri Feb 24 17:18:26 MST 2023] - INFO client.Client: 	Setting passoffrequest method to POST
[Fri Feb 24 17:18:26 MST 2023] - INFO client.Client: 	Request method set to POST
[Fri Feb 24 17:18:26 MST 2023] - INFO client.Client: 	Setting Do Output to true
[Fri Feb 24 17:18:26 MST 2023] - INFO client.Client: 	Do Output set to true
[Fri Feb 24 17:18:26 MST 2023] - INFO client.Client: 	Connecting to server
[Fri Feb 24 17:18:26 MST 2023] - INFO client.Client: 	Connected to server
[Fri Feb 24 17:18:26 MST 2023] - INFO client.Client: 	Getting response code from server
[Fri Feb 24 17:18:26 MST 2023] - INFO client.Client: 	Response code 200 returned
[Fri Feb 24 17:18:26 MST 2023] - INFO client.Client: 	Getting input stream from server
[Fri Feb 24 17:18:26 MST 2023] - INFO client.Client: 	Reading input stream into a string
